T69C0 000:002.470   SEGGER J-Link V8.10f Log File
T69C0 000:002.802   DLL Compiled: Nov  6 2024 16:02:06
T69C0 000:002.835   Logging started @ 2025-02-14 06:48
T69C0 000:002.864   Process: C:\Users\a5059755\.eclipse\com.renesas.platform_1735795916\DebugComp\RA\e2-server-gdb.exe
T69C0 000:002.902 - 2.896ms 
T69C0 000:002.947 JLINK_GetDLLVersion()
T69C0 000:002.981 - 0.035ms returns 81006
T69C0 000:015.034 JLINK_OpenEx(...)
T69C0 000:036.899   Firmware: J-Link OB-RA4M2 compiled Oct  9 2024 11:01:47
T69C0 000:037.608   Firmware: J-Link OB-RA4M2 compiled Oct  9 2024 11:01:47
T69C0 000:049.313   Hardware: V1.00
T69C0 000:049.488   S/N: 1088804168
T69C0 000:049.562   OEM: SEGGER
T69C0 000:049.607   Feature(s): None
T69C0 000:050.460   Bootloader: 2021 May 14
T69C0 000:050.880   USB speed mode: Full speed (12 MBit/s)
T69C0 000:051.489   TELNET listener socket opened on port 19021
T69C0 000:051.921   WEBSRV WEBSRV_Init(): Starting webserver thread(s)
T69C0 000:052.307   WEBSRV Webserver running on local port 19080
T69C0 000:052.800   Looking for J-Link GUI Server exe at: C:\Users\a5059755\.eclipse\com.renesas.platform_1735795916\DebugComp\RA\ARM\Segger_v8.10.6\JLinkGUIServer.exe
T69C0 000:053.654   Looking for J-Link GUI Server exe at: \JLinkGUIServer.exe
T69C0 000:356.821   Failed to connect to J-Link GUI Server.
T69C0 000:356.928 - 341.888ms returns "O.K."
T69C0 000:357.338 JLINK_TIF_Select(JLINKARM_TIF_SWD)
T69C0 000:358.160 - 0.820ms returns 0x00
T69C0 000:358.261 JLINK_ClrRESET()
T69C0 000:358.517 - 0.255ms 
T69C0 000:409.919 JLINK_SetSpeed(1500)
T69C0 000:410.154 - 0.247ms 
T69C0 000:410.197 JLINK_CORESIGHT_Configure(PerformTIFInit=0)
T69C0 000:410.636 - 0.441ms returns 0
T69C0 000:410.734 JLINK_CORESIGHT_ReadAPDPReg(DP reg 0x00)
T69C0 000:411.247   Value=0x6BA02477
T69C0 000:411.327 - 0.597ms returns 0
T69C0 000:411.377 JLINK_CORESIGHT_WriteAPDPReg(DP reg 0x00, 0x0000001F)
T69C0 000:411.643 - 0.265ms returns 0
T69C0 000:411.764 JLINK_CORESIGHT_ReadAPDPReg(DP reg 0x00)
T69C0 000:412.057   Value=0x6BA02477
T69C0 000:412.178 - 0.415ms returns 0
T69C0 000:412.256 JLINK_CORESIGHT_WriteAPDPReg(DP reg 0x02, 0x00000000)
T69C0 000:412.530 - 0.275ms returns 0
T69C0 000:412.620 JLINK_CORESIGHT_WriteAPDPReg(DP reg 0x01, 0x50000000)
T69C0 000:412.887 - 0.268ms returns 0
T69C0 000:412.962 JLINK_CORESIGHT_ReadAPDPReg(DP reg 0x01)
T69C0 000:413.241   Value=0xF0000000
T69C0 000:413.301 - 0.339ms returns 0
T69C0 000:413.336 JLINK_CORESIGHT_WriteAPDPReg(DP reg 0x00, 0x0000001F)
T69C0 000:413.593 - 0.257ms returns 0
T69C0 000:413.651 JLINK_CORESIGHT_ReadAPDPReg(DP reg 0x00)
T69C0 000:413.886   Value=0x6BA02477
T69C0 000:413.960 - 0.309ms returns 0
T69C0 000:413.995 JLINK_CORESIGHT_WriteAPDPReg(DP reg 0x01, 0x54000000)
T69C0 000:414.234 - 0.239ms returns 0
T69C0 000:414.276 JLINK_CORESIGHT_WriteAPDPReg(DP reg 0x01, 0x50000F00)
T69C0 000:414.502 - 0.226ms returns 0
T69C0 000:414.542 JLINK_CORESIGHT_WriteAPDPReg(DP reg 0x02, 0x01000000)
T69C0 000:414.765 - 0.222ms returns 0
T69C0 000:414.818 JLINK_CORESIGHT_WriteAPDPReg(AP reg 0x00, 0x80000002)
T69C0 000:415.044 - 0.225ms returns 0
T69C0 000:415.096 JLINK_CORESIGHT_WriteAPDPReg(AP reg 0x01, 0x80011100)
T69C0 000:415.363 - 0.267ms returns 0
T69C0 000:415.416 JLINK_CORESIGHT_WriteAPDPReg(AP reg 0x03, 0x000000A5)
T69C0 000:415.684 - 0.267ms returns 0
T69C0 000:415.750 JLINK_CORESIGHT_WriteAPDPReg(AP reg 0x00, 0x80000002)
T69C0 000:416.009 - 0.259ms returns 0
T69C0 000:416.066 JLINK_CORESIGHT_WriteAPDPReg(AP reg 0x01, 0x80011100)
T69C0 000:416.338 - 0.272ms returns 0
T69C0 000:416.378 JLINK_CORESIGHT_ReadAPDPReg(AP reg 0x03)
T69C0 000:416.654   Value=0x000000A5
T69C0 000:416.701 - 0.323ms returns 0
T69C0 000:416.742 JLINK_ClrTMS()
T69C0 000:416.836 - 0.103ms 
T69C0 000:422.272 JLINK_SetTCK()
T69C0 000:422.649 - 0.376ms returns 0
T69C0 000:428.408 JLINK_SetRESET()
T69C0 000:428.611 - 0.202ms 
T69C0 000:629.468 JLINK_CORESIGHT_WriteAPDPReg(AP reg 0x00, 0x80000002)
T69C0 000:629.835 - 0.366ms returns 0
T69C0 000:629.862 JLINK_CORESIGHT_WriteAPDPReg(AP reg 0x01, 0x80011100)
T69C0 000:630.261 - 0.397ms returns 0
T69C0 000:630.325 JLINK_CORESIGHT_ReadAPDPReg(AP reg 0x03)
T69C0 000:630.625   Value=0x00000000
T69C0 000:630.663 - 0.338ms returns 0
T69C0 000:630.685 JLINK_CORESIGHT_WriteAPDPReg(AP reg 0x00, 0x80000002)
T69C0 000:630.923 - 0.238ms returns 0
T69C0 000:630.945 JLINK_CORESIGHT_WriteAPDPReg(AP reg 0x01, 0x80011140)
T69C0 000:631.253 - 0.307ms returns 0
T69C0 000:631.283 JLINK_CORESIGHT_ReadAPDPReg(AP reg 0x03)
T69C0 000:631.556   Value=0x00000002
T69C0 000:631.591 - 0.308ms returns 0
T69C0 000:631.613 JLINK_CORESIGHT_WriteAPDPReg(AP reg 0x00, 0x80000002)
T69C0 000:631.854 - 0.240ms returns 0
T69C0 000:631.877 JLINK_CORESIGHT_WriteAPDPReg(AP reg 0x01, 0x80011120)
T69C0 000:632.105 - 0.227ms returns 0
T69C0 000:632.127 JLINK_CORESIGHT_WriteAPDPReg(AP reg 0x03, 0x00000055)
T69C0 000:632.372 - 0.245ms returns 0
T69C0 000:632.393 JLINK_CORESIGHT_WriteAPDPReg(AP reg 0x00, 0x80000002)
T69C0 000:632.628 - 0.235ms returns 0
T69C0 000:632.655 JLINK_CORESIGHT_WriteAPDPReg(AP reg 0x01, 0x80011140)
T69C0 000:632.917 - 0.262ms returns 0
T69C0 000:632.939 JLINK_CORESIGHT_ReadAPDPReg(AP reg 0x03)
T69C0 000:633.248   Value=0x00000000
T69C0 000:633.276 - 0.337ms returns 0
T69C0 000:633.297 JLINK_CORESIGHT_WriteAPDPReg(AP reg 0x00, 0x80000002)
T69C0 000:633.509 - 0.211ms returns 0
T69C0 000:633.547 JLINK_CORESIGHT_WriteAPDPReg(AP reg 0x01, 0x80011130)
T69C0 000:633.808 - 0.261ms returns 0
T69C0 000:633.836 JLINK_CORESIGHT_ReadAPDPReg(AP reg 0x03)
T69C0 000:634.121   Value=0x000000C6
T69C0 000:634.151 - 0.314ms returns 0
T69C0 000:634.178 JLINK_CORESIGHT_WriteAPDPReg(AP reg 0x00, 0x80000002)
T69C0 000:634.397 - 0.218ms returns 0
T69C0 000:634.418 JLINK_CORESIGHT_WriteAPDPReg(AP reg 0x01, 0x80011140)
T69C0 000:634.658 - 0.240ms returns 0
T69C0 000:634.681 JLINK_CORESIGHT_ReadAPDPReg(AP reg 0x03)
T69C0 000:634.959   Value=0x00000002
T69C0 000:634.990 - 0.310ms returns 0
T69C0 000:635.010 JLINK_CORESIGHT_WriteAPDPReg(AP reg 0x00, 0x80000002)
T69C0 000:635.249 - 0.239ms returns 0
T69C0 000:635.270 JLINK_CORESIGHT_WriteAPDPReg(AP reg 0x01, 0x80011120)
T69C0 000:635.608 - 0.337ms returns 0
T69C0 000:635.678 JLINK_CORESIGHT_WriteAPDPReg(AP reg 0x03, 0x3A010001)
T69C0 000:636.036 - 0.355ms returns 0
T69C0 000:636.134 JLINK_CORESIGHT_WriteAPDPReg(AP reg 0x00, 0x80000002)
T69C0 000:636.447 - 0.314ms returns 0
T69C0 000:636.485 JLINK_CORESIGHT_WriteAPDPReg(AP reg 0x01, 0x80011140)
T69C0 000:636.752 - 0.266ms returns 0
T69C0 000:636.826 JLINK_CORESIGHT_ReadAPDPReg(AP reg 0x03)
T69C0 000:637.134   Value=0x00000002
T69C0 000:637.225 - 0.399ms returns 0
T69C0 000:637.271 JLINK_CORESIGHT_WriteAPDPReg(AP reg 0x00, 0x80000002)
T69C0 000:637.519 - 0.248ms returns 0
T69C0 000:637.610 JLINK_CORESIGHT_WriteAPDPReg(AP reg 0x01, 0x80011120)
T69C0 000:637.977 - 0.367ms returns 0
T69C0 000:638.046 JLINK_CORESIGHT_WriteAPDPReg(AP reg 0x03, 0x000003C5)
T69C0 000:638.403 - 0.357ms returns 0
T69C0 000:638.445 JLINK_CORESIGHT_WriteAPDPReg(AP reg 0x00, 0x80000002)
T69C0 000:638.707 - 0.262ms returns 0
T69C0 000:638.735 JLINK_CORESIGHT_WriteAPDPReg(AP reg 0x01, 0x80011140)
T69C0 000:638.993 - 0.258ms returns 0
T69C0 000:639.018 JLINK_CORESIGHT_ReadAPDPReg(AP reg 0x03)
T69C0 000:639.330   Value=0x00000002
T69C0 000:639.364 - 0.345ms returns 0
T69C0 000:639.384 JLINK_CORESIGHT_ReadAPDPReg(AP reg 0x03)
T69C0 000:639.677   Value=0x00000002
T69C0 000:639.707 - 0.323ms returns 0
T69C0 000:639.728 JLINK_CORESIGHT_ReadAPDPReg(AP reg 0x03)
T69C0 000:640.029   Value=0x00000002
T69C0 000:640.057 - 0.329ms returns 0
T69C0 000:640.076 JLINK_CORESIGHT_ReadAPDPReg(AP reg 0x03)
T69C0 000:640.437   Value=0x00000002
T69C0 000:640.513 - 0.437ms returns 0
T69C0 000:640.543 JLINK_CORESIGHT_ReadAPDPReg(AP reg 0x03)
T69C0 000:640.849   Value=0x00000002
T69C0 000:640.898 - 0.355ms returns 0
T69C0 000:640.923 JLINK_CORESIGHT_ReadAPDPReg(AP reg 0x03)
T69C0 000:641.268   Value=0x00000002
T69C0 000:641.399 - 0.475ms returns 0
T69C0 000:641.474 JLINK_CORESIGHT_ReadAPDPReg(AP reg 0x03)
T69C0 000:641.886   Value=0x00000000
T69C0 000:641.967 - 0.493ms returns 0
T69C0 000:641.996 JLINK_CORESIGHT_WriteAPDPReg(AP reg 0x00, 0x80000002)
T69C0 000:642.279 - 0.283ms returns 0
T69C0 000:642.330 JLINK_CORESIGHT_WriteAPDPReg(AP reg 0x01, 0x80011130)
T69C0 000:642.601 - 0.271ms returns 0
T69C0 000:642.640 JLINK_CORESIGHT_ReadAPDPReg(AP reg 0x03)
T69C0 000:642.931   Value=0x3A2A0081
T69C0 000:642.960 - 0.320ms returns 0
T69C0 000:642.980 JLINK_CORESIGHT_WriteAPDPReg(AP reg 0x00, 0x80000002)
T69C0 000:643.269 - 0.288ms returns 0
T69C0 000:643.319 JLINK_CORESIGHT_WriteAPDPReg(AP reg 0x01, 0x80011140)
T69C0 000:643.633 - 0.312ms returns 0
T69C0 000:643.755 JLINK_CORESIGHT_ReadAPDPReg(AP reg 0x03)
T69C0 000:644.105   Value=0x00000000
T69C0 000:644.166 - 0.411ms returns 0
T69C0 000:644.198 JLINK_CORESIGHT_WriteAPDPReg(AP reg 0x00, 0x80000002)
T69C0 000:644.459 - 0.261ms returns 0
T69C0 000:644.494 JLINK_CORESIGHT_WriteAPDPReg(AP reg 0x01, 0x80011130)
T69C0 000:644.779 - 0.285ms returns 0
T69C0 000:644.816 JLINK_CORESIGHT_ReadAPDPReg(AP reg 0x03)
T69C0 000:645.127   Value=0x808D5B00
T69C0 000:645.177 - 0.361ms returns 0
T69C0 000:646.380 JLINK_CORESIGHT_WriteAPDPReg(AP reg 0x00, 0x80000002)
T69C0 000:646.671 - 0.291ms returns 0
T69C0 000:646.697 JLINK_CORESIGHT_WriteAPDPReg(AP reg 0x01, 0x80011140)
T69C0 000:646.927 - 0.231ms returns 0
T69C0 000:646.951 JLINK_CORESIGHT_ReadAPDPReg(AP reg 0x03)
T69C0 000:647.252   Value=0x00000000
T69C0 000:647.300 - 0.348ms returns 0
T69C0 000:647.323 JLINK_CORESIGHT_WriteAPDPReg(AP reg 0x00, 0x80000002)
T69C0 000:647.563 - 0.240ms returns 0
T69C0 000:647.585 JLINK_CORESIGHT_WriteAPDPReg(AP reg 0x01, 0x80011130)
T69C0 000:647.827 - 0.242ms returns 0
T69C0 000:647.848 JLINK_CORESIGHT_ReadAPDPReg(AP reg 0x03)
T69C0 000:648.115   Value=0x0603030B
T69C0 000:648.147 - 0.299ms returns 0
T69C0 000:648.167 JLINK_CORESIGHT_WriteAPDPReg(AP reg 0x00, 0x80000002)
T69C0 000:648.394 - 0.227ms returns 0
T69C0 000:648.427 JLINK_CORESIGHT_WriteAPDPReg(AP reg 0x01, 0x80011140)
T69C0 000:648.667 - 0.240ms returns 0
T69C0 000:648.688 JLINK_CORESIGHT_ReadAPDPReg(AP reg 0x03)
T69C0 000:648.960   Value=0x00000000
T69C0 000:648.988 - 0.300ms returns 0
T69C0 000:649.007 JLINK_CORESIGHT_WriteAPDPReg(AP reg 0x00, 0x80000002)
T69C0 000:649.248 - 0.241ms returns 0
T69C0 000:649.275 JLINK_CORESIGHT_WriteAPDPReg(AP reg 0x01, 0x80011130)
T69C0 000:649.512 - 0.237ms returns 0
T69C0 000:649.542 JLINK_CORESIGHT_ReadAPDPReg(AP reg 0x03)
T69C0 000:649.827   Value=0x2E4B4E20
T69C0 000:649.856 - 0.313ms returns 0
T69C0 000:649.875 JLINK_CORESIGHT_WriteAPDPReg(AP reg 0x00, 0x80000002)
T69C0 000:650.097 - 0.221ms returns 0
T69C0 000:650.122 JLINK_CORESIGHT_WriteAPDPReg(AP reg 0x01, 0x80011140)
T69C0 000:650.365 - 0.243ms returns 0
T69C0 000:650.398 JLINK_CORESIGHT_ReadAPDPReg(AP reg 0x03)
T69C0 000:650.682   Value=0x00000000
T69C0 000:650.711 - 0.313ms returns 0
T69C0 000:650.730 JLINK_CORESIGHT_WriteAPDPReg(AP reg 0x00, 0x80000002)
T69C0 000:650.996 - 0.266ms returns 0
T69C0 000:651.023 JLINK_CORESIGHT_WriteAPDPReg(AP reg 0x01, 0x80011130)
T69C0 000:651.257 - 0.232ms returns 0
T69C0 000:651.379 JLINK_CORESIGHT_ReadAPDPReg(AP reg 0x03)
T69C0 000:651.728   Value=0x469E50EA
T69C0 000:651.814 - 0.435ms returns 0
T69C0 000:651.846 JLINK_CORESIGHT_WriteAPDPReg(AP reg 0x00, 0x80000002)
T69C0 000:652.116 - 0.269ms returns 0
T69C0 000:652.201 JLINK_CORESIGHT_WriteAPDPReg(AP reg 0x01, 0x80011140)
T69C0 000:652.519 - 0.318ms returns 0
T69C0 000:652.563 JLINK_CORESIGHT_ReadAPDPReg(AP reg 0x03)
T69C0 000:652.886   Value=0x00000000
T69C0 000:652.930 - 0.367ms returns 0
T69C0 000:652.953 JLINK_CORESIGHT_WriteAPDPReg(AP reg 0x00, 0x80000002)
T69C0 000:653.263 - 0.309ms returns 0
T69C0 000:653.304 JLINK_CORESIGHT_WriteAPDPReg(AP reg 0x01, 0x80011130)
T69C0 000:653.568 - 0.263ms returns 0
T69C0 000:653.610 JLINK_CORESIGHT_ReadAPDPReg(AP reg 0x03)
T69C0 000:653.932   Value=0x31305853
T69C0 000:653.976 - 0.366ms returns 0
T69C0 000:654.005 JLINK_CORESIGHT_WriteAPDPReg(AP reg 0x00, 0x80000002)
T69C0 000:654.383 - 0.377ms returns 0
T69C0 000:654.460 JLINK_CORESIGHT_WriteAPDPReg(AP reg 0x01, 0x80011140)
T69C0 000:654.729 - 0.269ms returns 0
T69C0 000:654.769 JLINK_CORESIGHT_ReadAPDPReg(AP reg 0x03)
T69C0 000:655.078   Value=0x00000000
T69C0 000:655.113 - 0.343ms returns 0
T69C0 000:655.137 JLINK_CORESIGHT_WriteAPDPReg(AP reg 0x00, 0x80000002)
T69C0 000:655.391 - 0.253ms returns 0
T69C0 000:655.425 JLINK_CORESIGHT_WriteAPDPReg(AP reg 0x01, 0x80011130)
T69C0 000:655.673 - 0.248ms returns 0
T69C0 000:655.699 JLINK_CORESIGHT_ReadAPDPReg(AP reg 0x03)
T69C0 000:656.017   Value=0x79064333
T69C0 000:656.059 - 0.360ms returns 0
T69C0 000:656.095 JLINK_CORESIGHT_WriteAPDPReg(AP reg 0x00, 0x80000002)
T69C0 000:656.374 - 0.279ms returns 0
T69C0 000:656.405 JLINK_CORESIGHT_WriteAPDPReg(AP reg 0x01, 0x80011140)
T69C0 000:656.671 - 0.266ms returns 0
T69C0 000:656.703 JLINK_CORESIGHT_ReadAPDPReg(AP reg 0x03)
T69C0 000:657.007   Value=0x00000000
T69C0 000:657.075 - 0.372ms returns 0
T69C0 000:657.110 JLINK_CORESIGHT_WriteAPDPReg(AP reg 0x00, 0x80000002)
T69C0 000:657.405 - 0.293ms returns 0
T69C0 000:657.545 JLINK_CORESIGHT_WriteAPDPReg(AP reg 0x01, 0x80011130)
T69C0 000:657.895 - 0.351ms returns 0
T69C0 000:657.936 JLINK_CORESIGHT_ReadAPDPReg(AP reg 0x03)
T69C0 000:658.257   Value=0x463752A1
T69C0 000:658.303 - 0.367ms returns 0
T69C0 000:658.332 JLINK_CORESIGHT_WriteAPDPReg(AP reg 0x00, 0x80000002)
T69C0 000:658.580 - 0.249ms returns 0
T69C0 000:658.612 JLINK_CORESIGHT_WriteAPDPReg(AP reg 0x01, 0x80011140)
T69C0 000:658.877 - 0.264ms returns 0
T69C0 000:658.934 JLINK_CORESIGHT_ReadAPDPReg(AP reg 0x03)
T69C0 000:659.251   Value=0x00000000
T69C0 000:659.301 - 0.367ms returns 0
T69C0 000:659.322 JLINK_CORESIGHT_WriteAPDPReg(AP reg 0x00, 0x80000002)
T69C0 000:659.561 - 0.239ms returns 0
T69C0 000:659.585 JLINK_CORESIGHT_WriteAPDPReg(AP reg 0x01, 0x80011130)
T69C0 000:659.830 - 0.245ms returns 0
T69C0 000:659.864 JLINK_CORESIGHT_ReadAPDPReg(AP reg 0x03)
T69C0 000:660.254   Value=0x31443841
T69C0 000:660.355 - 0.490ms returns 0
T69C0 000:660.411 JLINK_CORESIGHT_WriteAPDPReg(AP reg 0x00, 0x80000002)
T69C0 000:660.706 - 0.295ms returns 0
T69C0 000:660.766 JLINK_CORESIGHT_WriteAPDPReg(AP reg 0x01, 0x80011140)
T69C0 000:661.053 - 0.288ms returns 0
T69C0 000:661.102 JLINK_CORESIGHT_ReadAPDPReg(AP reg 0x03)
T69C0 000:661.422   Value=0x00000000
T69C0 000:661.505 - 0.402ms returns 0
T69C0 000:661.535 JLINK_CORESIGHT_WriteAPDPReg(AP reg 0x00, 0x80000002)
T69C0 000:661.800 - 0.265ms returns 0
T69C0 000:661.845 JLINK_CORESIGHT_WriteAPDPReg(AP reg 0x01, 0x80011130)
T69C0 000:662.108 - 0.262ms returns 0
T69C0 000:662.184 JLINK_CORESIGHT_ReadAPDPReg(AP reg 0x03)
T69C0 000:662.505   Value=0x43454842
T69C0 000:662.577 - 0.393ms returns 0
T69C0 000:662.622 JLINK_CORESIGHT_WriteAPDPReg(AP reg 0x00, 0x80000002)
T69C0 000:662.878 - 0.256ms returns 0
T69C0 000:662.919 JLINK_CORESIGHT_WriteAPDPReg(AP reg 0x01, 0x80011140)
T69C0 000:663.167 - 0.247ms returns 0
T69C0 000:663.209 JLINK_CORESIGHT_ReadAPDPReg(AP reg 0x03)
T69C0 000:663.505   Value=0x00000000
T69C0 000:663.555 - 0.346ms returns 0
T69C0 000:663.585 JLINK_CORESIGHT_WriteAPDPReg(AP reg 0x00, 0x80000002)
T69C0 000:663.852 - 0.267ms returns 0
T69C0 000:663.898 JLINK_CORESIGHT_WriteAPDPReg(AP reg 0x01, 0x80011130)
T69C0 000:664.142 - 0.244ms returns 0
T69C0 000:664.164 JLINK_CORESIGHT_ReadAPDPReg(AP reg 0x03)
T69C0 000:664.440   Value=0x20204442
T69C0 000:664.477 - 0.313ms returns 0
T69C0 000:664.497 JLINK_CORESIGHT_WriteAPDPReg(AP reg 0x00, 0x80000002)
T69C0 000:664.750 - 0.252ms returns 0
T69C0 000:664.778 JLINK_CORESIGHT_WriteAPDPReg(AP reg 0x01, 0x80011140)
T69C0 000:664.995 - 0.217ms returns 0
T69C0 000:665.018 JLINK_CORESIGHT_ReadAPDPReg(AP reg 0x03)
T69C0 000:665.317   Value=0x00000000
T69C0 000:665.346 - 0.328ms returns 0
T69C0 000:665.367 JLINK_CORESIGHT_WriteAPDPReg(AP reg 0x00, 0x80000002)
T69C0 000:665.603 - 0.236ms returns 0
T69C0 000:665.625 JLINK_CORESIGHT_WriteAPDPReg(AP reg 0x01, 0x80011130)
T69C0 000:665.923 - 0.298ms returns 0
T69C0 000:665.950 JLINK_CORESIGHT_ReadAPDPReg(AP reg 0x03)
T69C0 000:666.254   Value=0x0003C120
T69C0 000:666.302 - 0.351ms returns 0
T69C0 000:666.405 JLINK_CORESIGHT_WriteAPDPReg(AP reg 0x00, 0x80000002)
T69C0 000:666.664 - 0.258ms returns 0
T69C0 000:666.704 JLINK_CORESIGHT_WriteAPDPReg(AP reg 0x01, 0x80011140)
T69C0 000:666.987 - 0.283ms returns 0
T69C0 000:667.031 JLINK_CORESIGHT_ReadAPDPReg(AP reg 0x03)
T69C0 000:667.345   Value=0x00000002
T69C0 000:667.435 - 0.403ms returns 0
T69C0 000:667.463 JLINK_CORESIGHT_WriteAPDPReg(AP reg 0x00, 0x80000002)
T69C0 000:667.735 - 0.271ms returns 0
T69C0 000:667.806 JLINK_CORESIGHT_WriteAPDPReg(AP reg 0x01, 0x80011120)
T69C0 000:668.110 - 0.304ms returns 0
T69C0 000:668.152 JLINK_CORESIGHT_WriteAPDPReg(AP reg 0x03, 0x2C010001)
T69C0 000:668.406 - 0.253ms returns 0
T69C0 000:668.455 JLINK_CORESIGHT_WriteAPDPReg(AP reg 0x00, 0x80000002)
T69C0 000:668.727 - 0.271ms returns 0
T69C0 000:668.771 JLINK_CORESIGHT_WriteAPDPReg(AP reg 0x01, 0x80011140)
T69C0 000:669.045 - 0.273ms returns 0
T69C0 000:669.161 JLINK_CORESIGHT_ReadAPDPReg(AP reg 0x03)
T69C0 000:669.487   Value=0x00000002
T69C0 000:669.542 - 0.381ms returns 0
T69C0 000:669.575 JLINK_CORESIGHT_WriteAPDPReg(AP reg 0x00, 0x80000002)
T69C0 000:669.848 - 0.273ms returns 0
T69C0 000:669.887 JLINK_CORESIGHT_WriteAPDPReg(AP reg 0x01, 0x80011120)
T69C0 000:670.131 - 0.244ms returns 0
T69C0 000:670.161 JLINK_CORESIGHT_WriteAPDPReg(AP reg 0x03, 0x000003D3)
T69C0 000:670.403 - 0.241ms returns 0
T69C0 000:670.447 JLINK_CORESIGHT_WriteAPDPReg(AP reg 0x00, 0x80000002)
T69C0 000:670.700 - 0.253ms returns 0
T69C0 000:670.729 JLINK_CORESIGHT_WriteAPDPReg(AP reg 0x01, 0x80011140)
T69C0 000:670.987 - 0.258ms returns 0
T69C0 000:671.023 JLINK_CORESIGHT_ReadAPDPReg(AP reg 0x03)
T69C0 000:671.319   Value=0x00000000
T69C0 000:671.364 - 0.342ms returns 0
T69C0 000:671.387 JLINK_CORESIGHT_WriteAPDPReg(AP reg 0x00, 0x80000002)
T69C0 000:671.642 - 0.255ms returns 0
T69C0 000:671.668 JLINK_CORESIGHT_WriteAPDPReg(AP reg 0x01, 0x80011130)
T69C0 000:671.903 - 0.235ms returns 0
T69C0 000:671.927 JLINK_CORESIGHT_ReadAPDPReg(AP reg 0x03)
T69C0 000:672.227   Value=0x2C020081
T69C0 000:672.257 - 0.329ms returns 0
T69C0 000:672.277 JLINK_CORESIGHT_WriteAPDPReg(AP reg 0x00, 0x80000002)
T69C0 000:672.528 - 0.250ms returns 0
T69C0 000:672.634 JLINK_CORESIGHT_WriteAPDPReg(AP reg 0x01, 0x80011140)
T69C0 000:672.945 - 0.313ms returns 0
T69C0 000:672.985 JLINK_CORESIGHT_ReadAPDPReg(AP reg 0x03)
T69C0 000:673.283   Value=0x00000000
T69C0 000:673.314 - 0.329ms returns 0
T69C0 000:673.335 JLINK_CORESIGHT_WriteAPDPReg(AP reg 0x00, 0x80000002)
T69C0 000:673.749 - 0.412ms returns 0
T69C0 000:673.866 JLINK_CORESIGHT_WriteAPDPReg(AP reg 0x01, 0x80011130)
T69C0 000:674.269 - 0.403ms returns 0
T69C0 000:674.367 JLINK_CORESIGHT_ReadAPDPReg(AP reg 0x03)
T69C0 000:674.757   Value=0x0003CE04
T69C0 000:674.825 - 0.458ms returns 0
T69C0 000:675.778 JLINK_CORESIGHT_WriteAPDPReg(AP reg 0x00, 0x80000002)
T69C0 000:676.078 - 0.299ms returns 0
T69C0 000:676.163 JLINK_CORESIGHT_WriteAPDPReg(AP reg 0x01, 0x80011140)
T69C0 000:676.466 - 0.303ms returns 0
T69C0 000:676.537 JLINK_CORESIGHT_ReadAPDPReg(AP reg 0x03)
T69C0 000:676.904   Value=0x00000002
T69C0 000:676.974 - 0.436ms returns 0
T69C0 000:677.006 JLINK_CORESIGHT_WriteAPDPReg(AP reg 0x00, 0x80000002)
T69C0 000:677.231 - 0.225ms returns 0
T69C0 000:677.268 JLINK_CORESIGHT_WriteAPDPReg(AP reg 0x01, 0x80011120)
T69C0 000:677.513 - 0.245ms returns 0
T69C0 000:677.539 JLINK_CORESIGHT_WriteAPDPReg(AP reg 0x03, 0x73010001)
T69C0 000:677.807 - 0.267ms returns 0
T69C0 000:677.914 JLINK_CORESIGHT_WriteAPDPReg(AP reg 0x00, 0x80000002)
T69C0 000:678.241 - 0.327ms returns 0
T69C0 000:678.273 JLINK_CORESIGHT_WriteAPDPReg(AP reg 0x01, 0x80011140)
T69C0 000:678.516 - 0.244ms returns 0
T69C0 000:678.540 JLINK_CORESIGHT_ReadAPDPReg(AP reg 0x03)
T69C0 000:678.883   Value=0x00000002
T69C0 000:678.918 - 0.378ms returns 0
T69C0 000:678.947 JLINK_CORESIGHT_WriteAPDPReg(AP reg 0x00, 0x80000002)
T69C0 000:679.256 - 0.308ms returns 0
T69C0 000:679.293 JLINK_CORESIGHT_WriteAPDPReg(AP reg 0x01, 0x80011120)
T69C0 000:679.546 - 0.253ms returns 0
T69C0 000:679.572 JLINK_CORESIGHT_WriteAPDPReg(AP reg 0x03, 0x0000038C)
T69C0 000:679.809 - 0.236ms returns 0
T69C0 000:679.833 JLINK_CORESIGHT_WriteAPDPReg(AP reg 0x00, 0x80000002)
T69C0 000:680.161 - 0.327ms returns 0
T69C0 000:680.199 JLINK_CORESIGHT_WriteAPDPReg(AP reg 0x01, 0x80011140)
T69C0 000:680.473 - 0.273ms returns 0
T69C0 000:680.499 JLINK_CORESIGHT_ReadAPDPReg(AP reg 0x03)
T69C0 000:680.788   Value=0x00000002
T69C0 000:680.827 - 0.328ms returns 0
T69C0 000:680.848 JLINK_CORESIGHT_ReadAPDPReg(AP reg 0x03)
T69C0 000:681.135   Value=0x00000002
T69C0 000:681.208 - 0.359ms returns 0
T69C0 000:681.239 JLINK_CORESIGHT_ReadAPDPReg(AP reg 0x03)
T69C0 000:681.579   Value=0x00000002
T69C0 000:681.796 - 0.556ms returns 0
T69C0 000:681.841 JLINK_CORESIGHT_ReadAPDPReg(AP reg 0x03)
T69C0 000:682.562   Value=0x00000002
T69C0 000:682.649 - 0.808ms returns 0
T69C0 000:682.696 JLINK_CORESIGHT_ReadAPDPReg(AP reg 0x03)
T69C0 000:683.035   Value=0x00000000
T69C0 000:683.106 - 0.410ms returns 0
T69C0 000:683.180 JLINK_CORESIGHT_WriteAPDPReg(AP reg 0x00, 0x80000002)
T69C0 000:683.447 - 0.266ms returns 0
T69C0 000:683.504 JLINK_CORESIGHT_WriteAPDPReg(AP reg 0x01, 0x80011130)
T69C0 000:683.805 - 0.281ms returns 0
T69C0 000:683.862 JLINK_CORESIGHT_ReadAPDPReg(AP reg 0x03)
T69C0 000:684.170   Value=0x73020081
T69C0 000:684.230 - 0.368ms returns 0
T69C0 000:684.261 JLINK_CORESIGHT_WriteAPDPReg(AP reg 0x00, 0x80000002)
T69C0 000:684.513 - 0.252ms returns 0
T69C0 000:684.543 JLINK_CORESIGHT_WriteAPDPReg(AP reg 0x01, 0x80011140)
T69C0 000:684.790 - 0.246ms returns 0
T69C0 000:684.814 JLINK_CORESIGHT_ReadAPDPReg(AP reg 0x03)
T69C0 000:685.126   Value=0x00000000
T69C0 000:685.175 - 0.361ms returns 0
T69C0 000:685.196 JLINK_CORESIGHT_WriteAPDPReg(AP reg 0x00, 0x80000002)
T69C0 000:685.440 - 0.244ms returns 0
T69C0 000:685.469 JLINK_CORESIGHT_WriteAPDPReg(AP reg 0x01, 0x80011130)
T69C0 000:685.713 - 0.244ms returns 0
T69C0 000:685.736 JLINK_CORESIGHT_ReadAPDPReg(AP reg 0x03)
T69C0 000:686.012   Value=0x00038902
T69C0 000:686.051 - 0.314ms returns 0
T69C0 000:686.075 JLINK_CORESIGHT_WriteAPDPReg(AP reg 0x00, 0x80000002)
T69C0 000:686.382 - 0.307ms returns 0
T69C0 000:686.426 JLINK_CORESIGHT_WriteAPDPReg(AP reg 0x01, 0x80011140)
T69C0 000:686.678 - 0.252ms returns 0
T69C0 000:686.703 JLINK_CORESIGHT_ReadAPDPReg(AP reg 0x03)
T69C0 000:686.998   Value=0x00000002
T69C0 000:687.027 - 0.323ms returns 0
T69C0 000:687.047 JLINK_CORESIGHT_WriteAPDPReg(AP reg 0x00, 0x80000002)
T69C0 000:687.294 - 0.247ms returns 0
T69C0 000:687.315 JLINK_CORESIGHT_WriteAPDPReg(AP reg 0x01, 0x80011120)
T69C0 000:687.561 - 0.246ms returns 0
T69C0 000:687.581 JLINK_CORESIGHT_WriteAPDPReg(AP reg 0x03, 0x75010001)
T69C0 000:687.822 - 0.240ms returns 0
T69C0 000:687.853 JLINK_CORESIGHT_WriteAPDPReg(AP reg 0x00, 0x80000002)
T69C0 000:688.133 - 0.279ms returns 0
T69C0 000:688.154 JLINK_CORESIGHT_WriteAPDPReg(AP reg 0x01, 0x80011140)
T69C0 000:688.397 - 0.243ms returns 0
T69C0 000:688.420 JLINK_CORESIGHT_ReadAPDPReg(AP reg 0x03)
T69C0 000:688.709   Value=0x00000002
T69C0 000:688.737 - 0.317ms returns 0
T69C0 000:688.756 JLINK_CORESIGHT_WriteAPDPReg(AP reg 0x00, 0x80000002)
T69C0 000:689.009 - 0.253ms returns 0
T69C0 000:689.034 JLINK_CORESIGHT_WriteAPDPReg(AP reg 0x01, 0x80011120)
T69C0 000:689.281 - 0.246ms returns 0
T69C0 000:689.304 JLINK_CORESIGHT_WriteAPDPReg(AP reg 0x03, 0x0000038A)
T69C0 000:689.554 - 0.249ms returns 0
T69C0 000:689.577 JLINK_CORESIGHT_WriteAPDPReg(AP reg 0x00, 0x80000002)
T69C0 000:689.824 - 0.246ms returns 0
T69C0 000:689.847 JLINK_CORESIGHT_WriteAPDPReg(AP reg 0x01, 0x80011140)
T69C0 000:690.266 - 0.419ms returns 0
T69C0 000:690.341 JLINK_CORESIGHT_ReadAPDPReg(AP reg 0x03)
T69C0 000:690.677   Value=0x00000000
T69C0 000:690.732 - 0.391ms returns 0
T69C0 000:690.765 JLINK_CORESIGHT_WriteAPDPReg(AP reg 0x00, 0x80000002)
T69C0 000:691.049 - 0.282ms returns 0
T69C0 000:691.194 JLINK_CORESIGHT_WriteAPDPReg(AP reg 0x01, 0x80011130)
T69C0 000:691.527 - 0.334ms returns 0
T69C0 000:691.565 JLINK_CORESIGHT_ReadAPDPReg(AP reg 0x03)
T69C0 000:691.887   Value=0x75020081
T69C0 000:691.939 - 0.373ms returns 0
T69C0 000:691.959 JLINK_CORESIGHT_WriteAPDPReg(AP reg 0x00, 0x80000002)
T69C0 000:692.231 - 0.272ms returns 0
T69C0 000:692.261 JLINK_CORESIGHT_WriteAPDPReg(AP reg 0x01, 0x80011140)
T69C0 000:692.504 - 0.243ms returns 0
T69C0 000:692.529 JLINK_CORESIGHT_ReadAPDPReg(AP reg 0x03)
T69C0 000:692.820   Value=0x00000000
T69C0 000:692.858 - 0.328ms returns 0
T69C0 000:692.878 JLINK_CORESIGHT_WriteAPDPReg(AP reg 0x00, 0x80000002)
T69C0 000:693.167 - 0.288ms returns 0
T69C0 000:693.192 JLINK_CORESIGHT_WriteAPDPReg(AP reg 0x01, 0x80011130)
T69C0 000:693.438 - 0.245ms returns 0
T69C0 000:693.462 JLINK_CORESIGHT_ReadAPDPReg(AP reg 0x03)
T69C0 000:693.758   Value=0x00038702
T69C0 000:693.819 - 0.356ms returns 0
T69C0 000:693.861 JLINK_CORESIGHT_WriteAPDPReg(AP reg 0x00, 0x80000002)
T69C0 000:694.174 - 0.311ms returns 0
T69C0 000:694.250 JLINK_CORESIGHT_WriteAPDPReg(AP reg 0x01, 0x80011140)
T69C0 000:694.523 - 0.274ms returns 0
T69C0 000:694.560 JLINK_CORESIGHT_ReadAPDPReg(AP reg 0x03)
T69C0 000:694.855   Value=0x00000002
T69C0 000:694.889 - 0.329ms returns 0
T69C0 000:694.909 JLINK_CORESIGHT_WriteAPDPReg(AP reg 0x00, 0x80000002)
T69C0 000:695.140 - 0.231ms returns 0
T69C0 000:695.164 JLINK_CORESIGHT_WriteAPDPReg(AP reg 0x01, 0x80011120)
T69C0 000:695.397 - 0.233ms returns 0
T69C0 000:695.420 JLINK_CORESIGHT_WriteAPDPReg(AP reg 0x03, 0x4F010001)
T69C0 000:695.663 - 0.243ms returns 0
T69C0 000:695.688 JLINK_CORESIGHT_WriteAPDPReg(AP reg 0x00, 0x80000002)
T69C0 000:695.927 - 0.239ms returns 0
T69C0 000:695.953 JLINK_CORESIGHT_WriteAPDPReg(AP reg 0x01, 0x80011140)
T69C0 000:696.261 - 0.308ms returns 0
T69C0 000:696.300 JLINK_CORESIGHT_ReadAPDPReg(AP reg 0x03)
T69C0 000:696.604   Value=0x00000002
T69C0 000:696.700 - 0.399ms returns 0
T69C0 000:696.729 JLINK_CORESIGHT_WriteAPDPReg(AP reg 0x00, 0x80000002)
T69C0 000:697.013 - 0.282ms returns 0
T69C0 000:697.093 JLINK_CORESIGHT_WriteAPDPReg(AP reg 0x01, 0x80011120)
T69C0 000:697.440 - 0.346ms returns 0
T69C0 000:697.503 JLINK_CORESIGHT_WriteAPDPReg(AP reg 0x03, 0x000003B0)
T69C0 000:697.822 - 0.319ms returns 0
T69C0 000:697.873 JLINK_CORESIGHT_WriteAPDPReg(AP reg 0x00, 0x80000002)
T69C0 000:698.145 - 0.271ms returns 0
T69C0 000:698.202 JLINK_CORESIGHT_WriteAPDPReg(AP reg 0x01, 0x80011140)
T69C0 000:698.468 - 0.265ms returns 0
T69C0 000:698.520 JLINK_CORESIGHT_ReadAPDPReg(AP reg 0x03)
T69C0 000:698.863   Value=0x00000002
T69C0 000:698.921 - 0.401ms returns 0
T69C0 000:698.959 JLINK_CORESIGHT_ReadAPDPReg(AP reg 0x03)
T69C0 000:699.278   Value=0x00000002
T69C0 000:699.343 - 0.384ms returns 0
T69C0 000:699.373 JLINK_CORESIGHT_ReadAPDPReg(AP reg 0x03)
T69C0 000:699.665   Value=0x00000002
T69C0 000:699.696 - 0.323ms returns 0
T69C0 000:699.716 JLINK_CORESIGHT_ReadAPDPReg(AP reg 0x03)
T69C0 000:700.002   Value=0x00000002
T69C0 000:700.041 - 0.325ms returns 0
T69C0 000:700.062 JLINK_CORESIGHT_ReadAPDPReg(AP reg 0x03)
T69C0 000:700.326   Value=0x00000002
T69C0 000:700.358 - 0.296ms returns 0
T69C0 000:700.378 JLINK_CORESIGHT_ReadAPDPReg(AP reg 0x03)
T69C0 000:700.663   Value=0x00000002
T69C0 000:700.691 - 0.312ms returns 0
T69C0 000:700.712 JLINK_CORESIGHT_ReadAPDPReg(AP reg 0x03)
T69C0 000:700.991   Value=0x00000002
T69C0 000:701.027 - 0.316ms returns 0
T69C0 000:701.049 JLINK_CORESIGHT_ReadAPDPReg(AP reg 0x03)
T69C0 000:701.333   Value=0x00000000
T69C0 000:701.363 - 0.314ms returns 0
T69C0 000:701.385 JLINK_CORESIGHT_WriteAPDPReg(AP reg 0x00, 0x80000002)
T69C0 000:701.629 - 0.244ms returns 0
T69C0 000:701.679 JLINK_CORESIGHT_WriteAPDPReg(AP reg 0x01, 0x80011130)
T69C0 000:701.934 - 0.254ms returns 0
T69C0 000:701.981 JLINK_CORESIGHT_ReadAPDPReg(AP reg 0x03)
T69C0 000:702.291   Value=0x4F0B0081
T69C0 000:702.354 - 0.373ms returns 0
T69C0 000:702.387 JLINK_CORESIGHT_WriteAPDPReg(AP reg 0x00, 0x80000002)
T69C0 000:702.637 - 0.250ms returns 0
T69C0 000:702.672 JLINK_CORESIGHT_WriteAPDPReg(AP reg 0x01, 0x80011140)
T69C0 000:702.908 - 0.236ms returns 0
T69C0 000:702.932 JLINK_CORESIGHT_ReadAPDPReg(AP reg 0x03)
T69C0 000:703.227   Value=0x00000000
T69C0 000:703.274 - 0.341ms returns 0
T69C0 000:703.294 JLINK_CORESIGHT_WriteAPDPReg(AP reg 0x00, 0x80000002)
T69C0 000:703.520 - 0.225ms returns 0
T69C0 000:703.543 JLINK_CORESIGHT_WriteAPDPReg(AP reg 0x01, 0x80011130)
T69C0 000:703.787 - 0.244ms returns 0
T69C0 000:703.809 JLINK_CORESIGHT_ReadAPDPReg(AP reg 0x03)
T69C0 000:704.126   Value=0x20000000
T69C0 000:704.156 - 0.346ms returns 0
T69C0 000:704.177 JLINK_CORESIGHT_WriteAPDPReg(AP reg 0x00, 0x80000002)
T69C0 000:704.416 - 0.239ms returns 0
T69C0 000:704.440 JLINK_CORESIGHT_WriteAPDPReg(AP reg 0x01, 0x80011140)
T69C0 000:704.689 - 0.248ms returns 0
T69C0 000:704.718 JLINK_CORESIGHT_ReadAPDPReg(AP reg 0x03)
T69C0 000:705.015   Value=0x00000000
T69C0 000:705.046 - 0.327ms returns 0
T69C0 000:705.067 JLINK_CORESIGHT_WriteAPDPReg(AP reg 0x00, 0x80000002)
T69C0 000:705.340 - 0.272ms returns 0
T69C0 000:705.362 JLINK_CORESIGHT_WriteAPDPReg(AP reg 0x01, 0x80011130)
T69C0 000:705.601 - 0.239ms returns 0
T69C0 000:705.635 JLINK_CORESIGHT_ReadAPDPReg(AP reg 0x03)
T69C0 000:705.924   Value=0x00000000
T69C0 000:705.957 - 0.322ms returns 0
T69C0 000:705.978 JLINK_CORESIGHT_WriteAPDPReg(AP reg 0x00, 0x80000002)
T69C0 000:706.236 - 0.257ms returns 0
T69C0 000:706.294 JLINK_CORESIGHT_WriteAPDPReg(AP reg 0x01, 0x80011140)
T69C0 000:706.546 - 0.252ms returns 0
T69C0 000:706.584 JLINK_CORESIGHT_ReadAPDPReg(AP reg 0x03)
T69C0 000:706.883   Value=0x00000000
T69C0 000:706.942 - 0.358ms returns 0
T69C0 000:706.972 JLINK_CORESIGHT_WriteAPDPReg(AP reg 0x00, 0x80000002)
T69C0 000:707.263 - 0.290ms returns 0
T69C0 000:707.314 JLINK_CORESIGHT_WriteAPDPReg(AP reg 0x01, 0x80011130)
T69C0 000:707.577 - 0.262ms returns 0
T69C0 000:707.609 JLINK_CORESIGHT_ReadAPDPReg(AP reg 0x03)
T69C0 000:707.905   Value=0x03860000
T69C0 000:707.944 - 0.335ms returns 0
T69C0 000:708.985 JLINK_CORESIGHT_ReadAPDPReg(DP reg 0x01)
T69C0 000:709.347   Value=0xF0000F40
T69C0 000:709.380 - 0.399ms returns 0
T69C0 000:709.405 JLINK_CORESIGHT_WriteAPDPReg(DP reg 0x01, 0xA0000F40)
T69C0 000:709.654 - 0.249ms returns 0
T69C0 000:709.688 JLINK_CORESIGHT_ReadAPDPReg(DP reg 0x01)
T69C0 000:709.942   Value=0x00000F40
T69C0 000:710.006 - 0.318ms returns 0
T69C0 000:710.033 JLINK_ClrRESET()
T69C0 000:710.293 - 0.259ms 
T69C0 000:820.867 JLINK_Close()
T69C0 000:835.535 - 14.666ms
T69C0 000:835.637   
T69C0 000:835.664   Closed
